#
# There is insufficient memory for the Java Runtime Environment to continue.
# Native memory allocation (mmap) failed to map 130023424 bytes for G1 virtual space
# Possible reasons:
#   The system is out of physical RAM or swap space
#   The process is running with CompressedOops enabled, and the Java Heap may be blocking the growth of the native heap
# Possible solutions:
#   Reduce memory load on the system
#   Increase physical memory or swap space
#   Check if swap backing store is full
#   Decrease Java heap size (-Xmx/-Xms)
#   Decrease number of Java threads
#   Decrease Java thread stack sizes (-Xss)
#   Set larger code cache with -XX:ReservedCodeCacheSize=
#   JVM is running with Unscaled Compressed Oops mode in which the Java heap is
#     placed in the first 4GB address space. The Java Heap base address is the
#     maximum limit for the native heap growth. Please use -XX:HeapBaseMinAddress
#     to set the Java Heap base and to place the Java Heap above 4GB virtual address.
# This output file may be truncated or incomplete.
#
#  Out of Memory Error (os_windows.cpp:3548), pid=20040, tid=17904
#
# JRE version:  (17.0.10+11) (build )
# Java VM: Java HotSpot(TM) 64-Bit Server VM (17.0.10+11-LTS-240, mixed mode, sharing, tiered, compressed oops, compressed class ptrs, g1 gc, windows-amd64)
# No core dump will be written. Minidumps are not enabled by default on client versions of Windows
#

---------------  S U M M A R Y ------------

Command Line: -Dfile.encoding=UTF-8 -Dstdout.encoding=UTF-8 -Dstderr.encoding=UTF-8 -XX:+ShowCodeDetailsInExceptionMessages myy803.jpa.myy803_jpa_tutorial_5.Myy803JpaTutorial1Application

Host: 11th Gen Intel(R) Core(TM) i5-1135G7 @ 2.40GHz, 8 cores, 7G,  Windows 11 , 64 bit Build 22621 (10.0.22621.3235)
Time: Sat Mar 16 00:13:08 2024  Windows 11 , 64 bit Build 22621 (10.0.22621.3235) elapsed time: 0.065597 seconds (0d 0h 0m 0s)

---------------  T H R E A D  ---------------

Current thread (0x0000025c5875ec50):  JavaThread "Unknown thread" [_thread_in_vm, id=17904, stack(0x00000078fd000000,0x00000078fd100000)]

Stack: [0x00000078fd000000,0x00000078fd100000]
Native frames: (J=compiled Java code, j=interpreted, Vv=VM code, C=native code)
V  [jvm.dll+0x677a5a]
V  [jvm.dll+0x7d8b2d]
V  [jvm.dll+0x7da48e]
V  [jvm.dll+0x7daaf3]
V  [jvm.dll+0x2455ff]
V  [jvm.dll+0x6749b9]
V  [jvm.dll+0x669382]
V  [jvm.dll+0x302e96]
V  [jvm.dll+0x30a416]
V  [jvm.dll+0x359cbe]
V  [jvm.dll+0x359eef]
V  [jvm.dll+0x2d9e88]
V  [jvm.dll+0x2dadf4]
V  [jvm.dll+0x7aa551]
V  [jvm.dll+0x367911]
V  [jvm.dll+0x789639]
V  [jvm.dll+0x3eb30f]
V  [jvm.dll+0x3ecd91]
C  [jli.dll+0x5297]
C  [ucrtbase.dll+0x29363]
C  [KERNEL32.DLL+0x1257d]
C  [ntdll.dll+0x5aa58]


---------------  P R O C E S S  ---------------

Threads class SMR info:
_java_thread_list=0x00007ffd5a216a18, length=0, elements={
}

Java Threads: ( => current thread )

Other Threads:
  0x0000025c587b8730 GCTaskThread "GC Thread#0" [stack: 0x00000078fd100000,0x00000078fd200000] [id=22956]
  0x0000025c587c8f10 ConcurrentGCThread "G1 Main Marker" [stack: 0x00000078fd200000,0x00000078fd300000] [id=19644]
  0x0000025c587ca0c0 ConcurrentGCThread "G1 Conc#0" [stack: 0x00000078fd300000,0x00000078fd400000] [id=19060]

[error occurred during error reporting (printing all threads), id 0xc0000005, EXCEPTION_ACCESS_VIOLATION (0xc0000005) at pc=0x00007ffd59a4aae7]

VM state: not at safepoint (not fully initialized)

VM Mutex/Monitor currently owned by a thread:  ([mutex/lock_event])
[0x0000025c5875a320] Heap_lock - owner thread: 0x0000025c5875ec50

Heap address: 0x0000000084200000, size: 1982 MB, Compressed Oops mode: 32-bit

CDS archive(s) mapped at: [0x0000000000000000-0x0000000000000000-0x0000000000000000), size 0, SharedBaseAddress: 0x0000000800000000, ArchiveRelocationMode: 1.
Narrow klass base: 0x0000000000000000, Narrow klass shift: 0, Narrow klass range: 0x0

GC Precious Log:
<Empty>

Heap:
 garbage-first heap   total 0K, used 0K [0x0000000084200000, 0x0000000100000000)
  region size 1024K, 0 young (0K), 0 survivors (0K)

[error occurred during error reporting (printing heap information), id 0xc0000005, EXCEPTION_ACCESS_VIOLATION (0xc0000005) at pc=0x00007ffd59e31249]

GC Heap History (0 events):
No events

Deoptimization events (0 events):
No events

Classes unloaded (0 events):
No events

Classes redefined (0 events):
No events

Internal exceptions (0 events):
No events

VM Operations (0 events):
No events

Events (1 events):
Event: 0.040 Loaded shared library C:\Program Files\Java\jdk-17\bin\java.dll


Dynamic libraries:
0x00007ff60baa0000 - 0x00007ff60bab0000 	C:\Program Files\Java\jdk-17\bin\javaw.exe
0x00007ffde7350000 - 0x00007ffde7566000 	C:\WINDOWS\SYSTEM32\ntdll.dll
0x00007ffd88580000 - 0x00007ffd88599000 	C:\Program Files\Avast Software\Avast\aswhook.dll
0x00007ffde5d40000 - 0x00007ffde5e04000 	C:\WINDOWS\System32\KERNEL32.DLL
0x00007ffde4cf0000 - 0x00007ffde5096000 	C:\WINDOWS\System32\KERNELBASE.dll
0x00007ffde4690000 - 0x00007ffde47a1000 	C:\WINDOWS\System32\ucrtbase.dll
0x00007ffdcbf90000 - 0x00007ffdcbfa9000 	C:\Program Files\Java\jdk-17\bin\jli.dll
0x00007ffdcf700000 - 0x00007ffdcf71b000 	C:\Program Files\Java\jdk-17\bin\VCRUNTIME140.dll
0x00007ffde5210000 - 0x00007ffde52c2000 	C:\WINDOWS\System32\ADVAPI32.dll
0x00007ffde6c60000 - 0x00007ffde6d07000 	C:\WINDOWS\System32\msvcrt.dll
0x00007ffde6bb0000 - 0x00007ffde6c58000 	C:\WINDOWS\System32\sechost.dll
0x00007ffde4970000 - 0x00007ffde4998000 	C:\WINDOWS\System32\bcrypt.dll
0x00007ffde5590000 - 0x00007ffde56a5000 	C:\WINDOWS\System32\RPCRT4.dll
0x00007ffde5e10000 - 0x00007ffde5fbd000 	C:\WINDOWS\System32\USER32.dll
0x00007ffde4830000 - 0x00007ffde4856000 	C:\WINDOWS\System32\win32u.dll
0x00007ffde5d10000 - 0x00007ffde5d39000 	C:\WINDOWS\System32\GDI32.dll
0x00007ffdd4b30000 - 0x00007ffdd4dc3000 	C:\WINDOWS\WinSxS\amd64_microsoft.windows.common-controls_6595b64144ccf1df_6.0.22621.3235_none_270f74e173860f98\COMCTL32.dll
0x00007ffde4bd0000 - 0x00007ffde4ce8000 	C:\WINDOWS\System32\gdi32full.dll
0x00007ffde48d0000 - 0x00007ffde496a000 	C:\WINDOWS\System32\msvcp_win.dll
0x00007ffddaaf0000 - 0x00007ffddaafa000 	C:\WINDOWS\SYSTEM32\VERSION.dll
0x00007ffde52d0000 - 0x00007ffde5301000 	C:\WINDOWS\System32\IMM32.DLL
0x00007ffddc630000 - 0x00007ffddc63c000 	C:\Program Files\Java\jdk-17\bin\vcruntime140_1.dll
0x00007ffdbd730000 - 0x00007ffdbd7be000 	C:\Program Files\Java\jdk-17\bin\msvcp140.dll
0x00007ffd59760000 - 0x00007ffd5a33f000 	C:\Program Files\Java\jdk-17\bin\server\jvm.dll
0x00007ffde68a0000 - 0x00007ffde68a8000 	C:\WINDOWS\System32\PSAPI.DLL
0x00007ffdc6060000 - 0x00007ffdc6069000 	C:\WINDOWS\SYSTEM32\WSOCK32.dll
0x00007ffddbfb0000 - 0x00007ffddbfe4000 	C:\WINDOWS\SYSTEM32\WINMM.dll
0x00007ffde5fc0000 - 0x00007ffde6031000 	C:\WINDOWS\System32\WS2_32.dll
0x00007ffde3790000 - 0x00007ffde37a8000 	C:\WINDOWS\SYSTEM32\kernel.appcore.dll
0x00007ffdda6d0000 - 0x00007ffdda6da000 	C:\Program Files\Java\jdk-17\bin\jimage.dll
0x00007ffde1c40000 - 0x00007ffde1e73000 	C:\WINDOWS\SYSTEM32\DBGHELP.DLL
0x00007ffde5740000 - 0x00007ffde5ac8000 	C:\WINDOWS\System32\combase.dll
0x00007ffde54b0000 - 0x00007ffde5587000 	C:\WINDOWS\System32\OLEAUT32.dll
0x00007ffdda4a0000 - 0x00007ffdda4d2000 	C:\WINDOWS\SYSTEM32\dbgcore.DLL
0x00007ffde47b0000 - 0x00007ffde482a000 	C:\WINDOWS\System32\bcryptPrimitives.dll
0x00007ffdcbf60000 - 0x00007ffdcbf85000 	C:\Program Files\Java\jdk-17\bin\java.dll

dbghelp: loaded successfully - version: 4.0.5 - missing functions: none
symbol engine: initialized successfully - sym options: 0x614 - pdb path: .;C:\Program Files\Java\jdk-17\bin;C:\WINDOWS\SYSTEM32;C:\Program Files\Avast Software\Avast;C:\WINDOWS\WinSxS\amd64_microsoft.windows.common-controls_6595b64144ccf1df_6.0.22621.3235_none_270f74e173860f98;C:\Program Files\Java\jdk-17\bin\server

VM Arguments:
jvm_args: -Dfile.encoding=UTF-8 -Dstdout.encoding=UTF-8 -Dstderr.encoding=UTF-8 -XX:+ShowCodeDetailsInExceptionMessages 
java_command: myy803.jpa.myy803_jpa_tutorial_5.Myy803JpaTutorial1Application
java_class_path (initial): C:\Users\zarras\Documents\zarras-work\courses\soft-eng\slides\spring-stuff\myy803-springboot-jpa\myy803_jpa_tutorial_4\target\classes;C:\Users\zarras\.m2\repository\org\springframework\boot\spring-boot-starter-data-jpa\3.2.2\spring-boot-starter-data-jpa-3.2.2.jar;C:\Users\zarras\.m2\repository\org\springframework\boot\spring-boot-starter-aop\3.2.2\spring-boot-starter-aop-3.2.2.jar;C:\Users\zarras\.m2\repository\org\springframework\spring-aop\6.1.3\spring-aop-6.1.3.jar;C:\Users\zarras\.m2\repository\org\aspectj\aspectjweaver\1.9.21\aspectjweaver-1.9.21.jar;C:\Users\zarras\.m2\repository\org\springframework\boot\spring-boot-starter-jdbc\3.2.2\spring-boot-starter-jdbc-3.2.2.jar;C:\Users\zarras\.m2\repository\com\zaxxer\HikariCP\5.0.1\HikariCP-5.0.1.jar;C:\Users\zarras\.m2\repository\org\springframework\spring-jdbc\6.1.3\spring-jdbc-6.1.3.jar;C:\Users\zarras\.m2\repository\org\hibernate\orm\hibernate-core\6.4.1.Final\hibernate-core-6.4.1.Final.jar;C:\Users\zarras\.m2\repository\jakarta\persistence\jakarta.persistence-api\3.1.0\jakarta.persistence-api-3.1.0.jar;C:\Users\zarras\.m2\repository\jakarta\transaction\jakarta.transaction-api\2.0.1\jakarta.transaction-api-2.0.1.jar;C:\Users\zarras\.m2\repository\org\jboss\logging\jboss-logging\3.5.3.Final\jboss-logging-3.5.3.Final.jar;C:\Users\zarras\.m2\repository\org\hibernate\common\hibernate-commons-annotations\6.0.6.Final\hibernate-commons-annotations-6.0.6.Final.jar;C:\Users\zarras\.m2\repository\io\smallrye\jandex\3.1.2\jandex-3.1.2.jar;C:\Users\zarras\.m2\repository\com\fasterxml\classmate\1.6.0\classmate-1.6.0.jar;C:\Users\zarras\.m2\repository\net\bytebuddy\byte-buddy\1.14.11\byte-buddy-1.14.11.jar;C:\Users\zarras\.m2\repository\org\glassfish\jaxb\jaxb-runtime\4.0.4\jaxb-runtime-4.0.4.jar;C:\Users\zarras\.m2\repository\org\glassfish\jaxb\jaxb-core\4.0.4\jaxb-core-4.0.4.jar;C:\Users\zarras\.m2\repository\org\eclipse\angus\angus-activation\2.0.1\angus-activation-2.0.1.jar;C:\Users\zarras\.m2\
Launcher Type: SUN_STANDARD

[Global flags]
     intx CICompilerCount                          = 4                                         {product} {ergonomic}
     uint ConcGCThreads                            = 2                                         {product} {ergonomic}
     uint G1ConcRefinementThreads                  = 8                                         {product} {ergonomic}
   size_t G1HeapRegionSize                         = 1048576                                   {product} {ergonomic}
    uintx GCDrainStackTargetSize                   = 64                                        {product} {ergonomic}
   size_t InitialHeapSize                          = 130023424                                 {product} {ergonomic}
   size_t MarkStackSize                            = 4194304                                   {product} {ergonomic}
   size_t MaxHeapSize                              = 2078277632                                {product} {ergonomic}
   size_t MinHeapDeltaBytes                        = 1048576                                   {product} {ergonomic}
   size_t MinHeapSize                              = 8388608                                   {product} {ergonomic}
    uintx NonNMethodCodeHeapSize                   = 5839372                                {pd product} {ergonomic}
    uintx NonProfiledCodeHeapSize                  = 122909434                              {pd product} {ergonomic}
    uintx ProfiledCodeHeapSize                     = 122909434                              {pd product} {ergonomic}
    uintx ReservedCodeCacheSize                    = 251658240                              {pd product} {ergonomic}
     bool SegmentedCodeCache                       = true                                      {product} {ergonomic}
     bool ShowCodeDetailsInExceptionMessages       = true                                   {manageable} {command line}
   size_t SoftMaxHeapSize                          = 2078277632                             {manageable} {ergonomic}
     bool UseCompressedClassPointers               = true                           {product lp64_product} {ergonomic}
     bool UseCompressedOops                        = true                           {product lp64_product} {ergonomic}
     bool UseG1GC                                  = true                                      {product} {ergonomic}
     bool UseLargePagesIndividualAllocation        = false                                  {pd product} {ergonomic}

Logging:
Log output configuration:
 #0: stdout all=warning uptime,level,tags
 #1: stderr all=off uptime,level,tags

Environment Variables:
PATH=C:\Program Files\Common Files\Oracle\Java\javapath;C:\Program Files (x86)\Common Files\Oracle\Java\javapath;C:\WINDOWS\system32;C:\WINDOWS;C:\WINDOWS\System32\Wbem;C:\WINDOWS\System32\WindowsPowerShell\v1.0\;C:\WINDOWS\System32\OpenSSH\;C:\Program Files\dotnet\;C:\Program Files\Git\cmd;C:\Users\zarras\AppData\Local\Microsoft\WindowsApps;C:\Users\zarras\AppData\Local\Programs\MiKTeX\miktex\bin\x64\;C:\Users\zarras\AppData\Local\JetBrains\Toolbox\scripts;
USERNAME=zarras
OS=Windows_NT
PROCESSOR_IDENTIFIER=Intel64 Family 6 Model 140 Stepping 1, GenuineIntel



---------------  S Y S T E M  ---------------

OS:
 Windows 11 , 64 bit Build 22621 (10.0.22621.3235)
OS uptime: 1 days 3:24 hours
Hyper-V role detected

CPU: total 8 (initial active 8) (4 cores per cpu, 2 threads per core) family 6 model 140 stepping 1 microcode 0xb4, cx8, cmov, fxsr, ht, mmx, 3dnowpref, sse, sse2, sse3, ssse3, sse4.1, sse4.2, popcnt, lzcnt, tsc, tscinvbit, avx, avx2, aes, erms, clmul, bmi1, bmi2, adx, avx512f, avx512dq, avx512cd, avx512bw, avx512vl, sha, fma, vzeroupper, avx512_vpopcntdq, avx512_vpclmulqdq, avx512_vaes, avx512_vnni, clflush, clflushopt, clwb, avx512_vbmi2, avx512_vbmi, hv

Memory: 4k page, system-wide physical 7926M (116M free)
TotalPageFile size 32502M (AvailPageFile size 130M)
current process WorkingSet (physical memory assigned to process): 11M, peak: 11M
current process commit charge ("private bytes"): 60M, peak: 184M

vm_info: Java HotSpot(TM) 64-Bit Server VM (17.0.10+11-LTS-240) for windows-amd64 JRE (17.0.10+11-LTS-240), built on Dec 19 2023 21:47:25 by "mach5one" with MS VC++ 17.1 (VS2022)

END.
